Intermediate/Android/APK/gradle/app/build/outputs/logs/manifest-merger-debug-report.txt
-- Merging decision tree log ---
manifest
ADDED from src\main\AndroidManifest.xml:1:1-53:12
INJECTED from src\main\AndroidManifest.xml:1:1-53:12
INJECTED from src\main\AndroidManifest.xml:1:1-53:12
INJECTED from src\main\AndroidManifest.xml:1:1-53:12
MERGED from [com.google.android.gms:play-services-auth:11.8.0] AndroidManifest.xml:17:1-39:12
MERGED from [com.google.android.gms:play-services-games:11.8.0] AndroidManifest.xml:17:1-24:12
MERGED from [com.google.android.gms:play-services-nearby:11.8.0] AndroidManifest.xml:2:1-11:12
MERGED from [com.google.android.gms:play-services-plus:11.8.0] AndroidManifest.xml:17:1-24:12
MERGED from [:downloader_library] AndroidManifest.xml:2:1-11:12
MERGED from [:permission_library] AndroidManifest.xml:2:1-9:12
MERGED from [com.android.support:support-v13:27.1.0] AndroidManifest.xml:17:1-22:12
MERGED from [com.google.android.gms:play-services-gcm:11.8.0] AndroidManifest.xml:17:1-28:12
MERGED from [android.arch.lifecycle:extensions:1.1.1] AndroidManifest.xml:17:1-30:12
MERGED from [com.google.android.gms:play-services-auth-api-phone:11.8.0] AndroidManifest.xml:2:1-7:12
MERGED from [com.google.android.gms:play-services-auth-base:11.8.0] AndroidManifest.xml:2:1-7:12
MERGED from [com.google.android.gms:play-services-drive:11.8.0] AndroidManifest.xml:17:1-24:12
MERGED from [com.google.android.gms:play-services-iid:11.8.0] AndroidManifest.xml:17:1-28:12
MERGED from [com.google.android.gms:play-services-base:11.8.0] AndroidManifest.xml:17:1-29:12
MERGED from [com.google.android.gms:play-services-tasks:11.8.0] AndroidManifest.xml:2:1-9:12
MERGED from [com.google.android.gms:play-services-basement:11.8.0] AndroidManifest.xml:17:1-28:12
MERGED from [com.google.android.gms:play-services-games-license:11.8.0] AndroidManifest.xml:2:1-6:12
MERGED from [com.google.android.gms:play-services-nearby-license:11.8.0] AndroidManifest.xml:2:1-6:12
MERGED from [com.google.android.gms:play-services-plus-license:11.8.0] AndroidManifest.xml:2:1-6:12
MERGED from [com.google.android.gms:play-services-gcm-license:11.8.0] AndroidManifest.xml:2:1-6:12
MERGED from [com.android.support:support-v4:27.1.0] AndroidManifest.xml:17:1-22:12
MERGED from [com.android.support:support-media-compat:27.1.0] AndroidManifest.xml:17:1-22:12
MERGED from [com.android.support:support-fragment:27.1.0] AndroidManifest.xml:17:1-22:12
MERGED from [com.android.support:support-core-ui:27.1.0] AndroidManifest.xml:17:1-22:12
MERGED from [com.android.support:support-core-utils:27.1.0] AndroidManifest.xml:17:1-22:12
MERGED from [com.android.support:support-compat:27.1.0] AndroidManifest.xml:17:1-22:12
MERGED from [android.arch.lifecycle:runtime:1.1.1] AndroidManifest.xml:17:1-22:12
MERGED from [android.arch.lifecycle:livedata:1.1.1] AndroidManifest.xml:17:1-22:12
MERGED from [android.arch.lifecycle:livedata-core:1.1.1] AndroidManifest.xml:17:1-22:12
MERGED from [android.arch.core:runtime:1.1.1] AndroidManifest.xml:17:1-22:12
MERGED from [android.arch.lifecycle:viewmodel:1.1.1] AndroidManifest.xml:17:1-22:12
MERGED from [com.google.android.gms:play-services-auth-api-phone-license:11.8.0] AndroidManifest.xml:2:1-6:12
MERGED from [com.google.android.gms:play-services-auth-base-license:11.8.0] AndroidManifest.xml:2:1-6:12
MERGED from [com.google.android.gms:play-services-base-license:11.8.0] AndroidManifest.xml:2:1-6:12
MERGED from [com.google.android.gms:play-services-basement-license:11.8.0] AndroidManifest.xml:2:1-6:12
MERGED from [com.google.android.gms:play-services-tasks-license:11.8.0] AndroidManifest.xml:2:1-6:12
MERGED from [com.google.android.gms:play-services-drive-license:11.8.0] AndroidManifest.xml:2:1-6:12
MERGED from [com.google.android.gms:play-services-iid-license:11.8.0] AndroidManifest.xml:2:1-6:12
INJECTED from src\main\AndroidManifest.xml:1:1-53:12
INJECTED from src\main\AndroidManifest.xml:1:1-53:12
INJECTED from src\main\AndroidManifest.xml:1:1-53:12
	package
		ADDED from src\main\AndroidManifest.xml:1:70-107
		INJECTED from src\main\AndroidManifest.xml
		INJECTED from src\main\AndroidManifest.xml
	android:versionName
		ADDED from src\main\AndroidManifest.xml:1:163-188
		INJECTED from src\main\AndroidManifest.xml
		INJECTED from src\main\AndroidManifest.xml
	xmlns:android
		ADDED from src\main\AndroidManifest.xml:1:11-69
	android:versionCode
		ADDED from src\main\AndroidManifest.xml:1:139-162
		INJECTED from src\main\AndroidManifest.xml
		INJECTED from src\main\AndroidManifest.xml
	android:installLocation
		ADDED from src\main\AndroidManifest.xml:1:108-138
application
ADDED from src\main\AndroidManifest.xml:3:3-42:17
MERGED from [com.google.android.gms:play-services-auth:11.8.0] AndroidManifest.xml:22:5-37:19
MERGED from [com.google.android.gms:play-services-auth:11.8.0] AndroidManifest.xml:22:5-37:19
MERGED from [com.google.android.gms:play-services-games:11.8.0] AndroidManifest.xml:22:5-20
MERGED from [com.google.android.gms:play-services-games:11.8.0] AndroidManifest.xml:22:5-20
MERGED from [com.google.android.gms:play-services-nearby:11.8.0] AndroidManifest.xml:9:5-20
MERGED from [com.google.android.gms:play-services-nearby:11.8.0] AndroidManifest.xml:9:5-20
MERGED from [com.google.android.gms:play-services-plus:11.8.0] AndroidManifest.xml:22:5-20
MERGED from [com.google.android.gms:play-services-plus:11.8.0] AndroidManifest.xml:22:5-20
MERGED from [com.google.android.gms:play-services-gcm:11.8.0] AndroidManifest.xml:26:5-20
MERGED from [com.google.android.gms:play-services-gcm:11.8.0] AndroidManifest.xml:26:5-20
MERGED from [android.arch.lifecycle:extensions:1.1.1] AndroidManifest.xml:22:5-28:19
MERGED from [android.arch.lifecycle:extensions:1.1.1] AndroidManifest.xml:22:5-28:19
MERGED from [com.google.android.gms:play-services-drive:11.8.0] AndroidManifest.xml:22:5-20
MERGED from [com.google.android.gms:play-services-drive:11.8.0] AndroidManifest.xml:22:5-20
MERGED from [com.google.android.gms:play-services-iid:11.8.0] AndroidManifest.xml:26:5-20
MERGED from [com.google.android.gms:play-services-iid:11.8.0] AndroidManifest.xml:26:5-20
MERGED from [com.google.android.gms:play-services-base:11.8.0] AndroidManifest.xml:22:5-27:19
MERGED from [com.google.android.gms:play-services-base:11.8.0] AndroidManifest.xml:22:5-27:19
MERGED from [com.google.android.gms:play-services-tasks:11.8.0] AndroidManifest.xml:7:5-20
MERGED from [com.google.android.gms:play-services-tasks:11.8.0] AndroidManifest.xml:7:5-20
MERGED from [com.google.android.gms:play-services-basement:11.8.0] AndroidManifest.xml:22:5-26:19
MERGED from [com.google.android.gms:play-services-basement:11.8.0] AndroidManifest.xml:22:5-26:19
MERGED from [com.google.android.gms:play-services-games-license:11.8.0] AndroidManifest.xml:5:5-20
MERGED from [com.google.android.gms:play-services-games-license:11.8.0] AndroidManifest.xml:5:5-20
MERGED from [com.google.android.gms:play-services-nearby-license:11.8.0] AndroidManifest.xml:5:5-20
MERGED from [com.google.android.gms:play-services-nearby-license:11.8.0] AndroidManifest.xml:5:5-20
MERGED from [com.google.android.gms:play-services-plus-license:11.8.0] AndroidManifest.xml:5:5-20
MERGED from [com.google.android.gms:play-services-plus-license:11.8.0] AndroidManifest.xml:5:5-20
MERGED from [com.google.android.gms:play-services-gcm-license:11.8.0] AndroidManifest.xml:5:5-20
MERGED from [com.google.android.gms:play-services-gcm-license:11.8.0] AndroidManifest.xml:5:5-20
MERGED from [com.google.android.gms:play-services-auth-api-phone-license:11.8.0] AndroidManifest.xml:5:5-20
MERGED from [com.google.android.gms:play-services-auth-api-phone-license:11.8.0] AndroidManifest.xml:5:5-20
MERGED from [com.google.android.gms:play-services-auth-base-license:11.8.0] AndroidManifest.xml:5:5-20
MERGED from [com.google.android.gms:play-services-auth-base-license:11.8.0] AndroidManifest.xml:5:5-20
MERGED from [com.google.android.gms:play-services-base-license:11.8.0] AndroidManifest.xml:5:5-20
MERGED from [com.google.android.gms:play-services-base-license:11.8.0] AndroidManifest.xml:5:5-20
MERGED from [com.google.android.gms:play-services-basement-license:11.8.0] AndroidManifest.xml:5:5-20
MERGED from [com.google.android.gms:play-services-basement-license:11.8.0] AndroidManifest.xml:5:5-20
MERGED from [com.google.android.gms:play-services-tasks-license:11.8.0] AndroidManifest.xml:5:5-20
MERGED from [com.google.android.gms:play-services-tasks-license:11.8.0] AndroidManifest.xml:5:5-20
MERGED from [com.google.android.gms:play-services-drive-license:11.8.0] AndroidManifest.xml:5:5-20
MERGED from [com.google.android.gms:play-services-drive-license:11.8.0] AndroidManifest.xml:5:5-20
MERGED from [com.google.android.gms:play-services-iid-license:11.8.0] AndroidManifest.xml:5:5-20
MERGED from [com.google.android.gms:play-services-iid-license:11.8.0] AndroidManifest.xml:5:5-20
	android:label
		ADDED from src\main\AndroidManifest.xml:3:16-48
	android:hasCode
		ADDED from src\main\AndroidManifest.xml:3:163-185
	android:hardwareAccelerated
		ADDED from src\main\AndroidManifest.xml:3:79-113
	android:icon
		ADDED from src\main\AndroidManifest.xml:3:49-78
	android:name
		ADDED from src\main\AndroidManifest.xml:3:114-162
activity#com.epicgames.ue4.GameActivity
ADDED from src\main\AndroidManifest.xml:4:5-10:16
	android:screenOrientation
		ADDED from src\main\AndroidManifest.xml:4:352-389
	android:label
		ADDED from src\main\AndroidManifest.xml:4:61-93
	android:launchMode
		ADDED from src\main\AndroidManifest.xml:4:320-351
	android:debuggable
		ADDED from src\main\AndroidManifest.xml:4:390-415
	android:resizeableActivity
		ADDED from src\main\AndroidManifest.xml:4:285-319
	android:configChanges
		ADDED from src\main\AndroidManifest.xml:4:159-284
	android:theme
		ADDED from src\main\AndroidManifest.xml:4:94-158
	android:name
		ADDED from src\main\AndroidManifest.xml:4:15-60
meta-data#android.app.lib_name
ADDED from src\main\AndroidManifest.xml:5:7-76
	android:value
		ADDED from src\main\AndroidManifest.xml:5:54-73
	android:name
		ADDED from src\main\AndroidManifest.xml:5:18-53
intent-filter#action:name:android.intent.action.MAIN+category:name:android.intent.category.LAUNCHER
ADDED from src\main\AndroidManifest.xml:6:7-9:23
action#android.intent.action.MAIN
ADDED from src\main\AndroidManifest.xml:7:9-61
	android:name
		ADDED from src\main\AndroidManifest.xml:7:17-58
category#android.intent.category.LAUNCHER
ADDED from src\main\AndroidManifest.xml:8:9-69
	android:name
		ADDED from src\main\AndroidManifest.xml:8:19-66
activity#com.AwesomeArcade.Mazerator.DownloaderActivity
ADDED from src\main\AndroidManifest.xml:11:5-52
	android:name
		ADDED from src\main\AndroidManifest.xml:11:15-49
meta-data#com.epicgames.ue4.GameActivity.EngineVersion
ADDED from src\main\AndroidManifest.xml:12:5-101
	android:value
		ADDED from src\main\AndroidManifest.xml:12:76-98
	android:name
		ADDED from src\main\AndroidManifest.xml:12:16-75
meta-data#com.epicgames.ue4.GameActivity.EngineBranch
ADDED from src\main\AndroidManifest.xml:13:5-112
	android:value
		ADDED from src\main\AndroidManifest.xml:13:75-109
	android:name
		ADDED from src\main\AndroidManifest.xml:13:16-74
meta-data#com.epicgames.ue4.GameActivity.ProjectVersion
ADDED from src\main\AndroidManifest.xml:14:5-103
	android:value
		ADDED from src\main\AndroidManifest.xml:14:77-100
	android:name
		ADDED from src\main\AndroidManifest.xml:14:16-76
meta-data#com.epicgames.ue4.GameActivity.DepthBufferPreference
ADDED from src\main\AndroidManifest.xml:15:5-104
	android:value
		ADDED from src\main\AndroidManifest.xml:15:84-101
	android:name
		ADDED from src\main\AndroidManifest.xml:15:16-83
meta-data#com.epicgames.ue4.GameActivity.bPackageDataInsideApk
ADDED from src\main\AndroidManifest.xml:16:5-107
	android:value
		ADDED from src\main\AndroidManifest.xml:16:84-104
	android:name
		ADDED from src\main\AndroidManifest.xml:16:16-83
meta-data#com.epicgames.ue4.GameActivity.bVerifyOBBOnStartUp
ADDED from src\main\AndroidManifest.xml:17:5-106
	android:value
		ADDED from src\main\AndroidManifest.xml:17:82-103
	android:name
		ADDED from src\main\AndroidManifest.xml:17:16-81
meta-data#com.epicgames.ue4.GameActivity.bShouldHideUI
ADDED from src\main\AndroidManifest.xml:18:5-100
	android:value
		ADDED from src\main\AndroidManifest.xml:18:76-97
	android:name
		ADDED from src\main\AndroidManifest.xml:18:16-75
meta-data#com.epicgames.ue4.GameActivity.ProjectName
ADDED from src\main\AndroidManifest.xml:19:5-102
	android:value
		ADDED from src\main\AndroidManifest.xml:19:74-99
	android:name
		ADDED from src\main\AndroidManifest.xml:19:16-73
meta-data#com.epicgames.ue4.GameActivity.AppType
ADDED from src\main\AndroidManifest.xml:20:5-89
	android:value
		ADDED from src\main\AndroidManifest.xml:20:70-86
	android:name
		ADDED from src\main\AndroidManifest.xml:20:16-69
meta-data#com.epicgames.ue4.GameActivity.bHasOBBFiles
ADDED from src\main\AndroidManifest.xml:21:5-98
	android:value
		ADDED from src\main\AndroidManifest.xml:21:75-95
	android:name
		ADDED from src\main\AndroidManifest.xml:21:16-74
meta-data#com.epicgames.ue4.GameActivity.BuildConfiguration
ADDED from src\main\AndroidManifest.xml:22:5-108
	android:value
		ADDED from src\main\AndroidManifest.xml:22:81-105
	android:name
		ADDED from src\main\AndroidManifest.xml:22:16-80
meta-data#com.epicgames.ue4.GameActivity.CookedFlavors
ADDED from src\main\AndroidManifest.xml:23:5-123
	android:value
		ADDED from src\main\AndroidManifest.xml:23:76-120
	android:name
		ADDED from src\main\AndroidManifest.xml:23:16-75
meta-data#com.epicgames.ue4.GameActivity.bValidateTextureFormats
ADDED from src\main\AndroidManifest.xml:24:5-109
	android:value
		ADDED from src\main\AndroidManifest.xml:24:86-106
	android:name
		ADDED from src\main\AndroidManifest.xml:24:16-85
meta-data#com.epicgames.ue4.GameActivity.bUseExternalFilesDir
ADDED from src\main\AndroidManifest.xml:25:5-107
	android:value
		ADDED from src\main\AndroidManifest.xml:25:83-104
	android:name
		ADDED from src\main\AndroidManifest.xml:25:16-82
meta-data#com.epicgames.ue4.GameActivity.bUseDisplayCutout
ADDED from src\main\AndroidManifest.xml:26:5-104
	android:value
		ADDED from src\main\AndroidManifest.xml:26:80-101
	android:name
		ADDED from src\main\AndroidManifest.xml:26:16-79
meta-data#com.epicgames.ue4.GameActivity.bAllowIMU
ADDED from src\main\AndroidManifest.xml:27:5-95
	android:value
		ADDED from src\main\AndroidManifest.xml:27:72-92
	android:name
		ADDED from src\main\AndroidManifest.xml:27:16-71
meta-data#com.epicgames.ue4.GameActivity.bSupportsVulkan
ADDED from src\main\AndroidManifest.xml:28:5-102
	android:value
		ADDED from src\main\AndroidManifest.xml:28:78-99
	android:name
		ADDED from src\main\AndroidManifest.xml:28:16-77
meta-data#com.epicgames.ue4.GameActivity.StartupPermissions
ADDED from src\main\AndroidManifest.xml:29:5-141
	android:value
		ADDED from src\main\AndroidManifest.xml:29:81-138
	android:name
		ADDED from src\main\AndroidManifest.xml:29:16-80
meta-data#com.google.android.gms.games.APP_ID
ADDED from src\main\AndroidManifest.xml:30:5-100
	android:value
		ADDED from src\main\AndroidManifest.xml:30:67-97
	android:name
		ADDED from src\main\AndroidManifest.xml:30:16-66
meta-data#com.google.android.gms.version
ADDED from src\main\AndroidManifest.xml:31:5-118
MERGED from [com.google.android.gms:play-services-basement:11.8.0] AndroidManifest.xml:23:9-25:69
MERGED from [com.google.android.gms:play-services-basement:11.8.0] AndroidManifest.xml:23:9-25:69
	android:value
		ADDED from src\main\AndroidManifest.xml:31:62-115
	android:name
		ADDED from src\main\AndroidManifest.xml:31:16-61
activity#com.google.android.gms.ads.AdActivity
ADDED from src\main\AndroidManifest.xml:32:5-180
	android:configChanges
		ADDED from src\main\AndroidManifest.xml:32:68-177
	android:name
		ADDED from src\main\AndroidManifest.xml:32:15-67
service#com.AwesomeArcade.Mazerator.OBBDownloaderService
ADDED from src\main\AndroidManifest.xml:33:5-52
	android:name
		ADDED from src\main\AndroidManifest.xml:33:14-49
receiver#com.AwesomeArcade.Mazerator.AlarmReceiver
ADDED from src\main\AndroidManifest.xml:34:5-46
	android:name
		ADDED from src\main\AndroidManifest.xml:34:15-43
receiver#com.epicgames.ue4.LocalNotificationReceiver
ADDED from src\main\AndroidManifest.xml:35:5-76
	android:name
		ADDED from src\main\AndroidManifest.xml:35:15-73
receiver#com.epicgames.ue4.MulticastBroadcastReceiver
ADDED from src\main\AndroidManifest.xml:36:5-40:16
	android:exported
		ADDED from src\main\AndroidManifest.xml:36:75-98
	android:name
		ADDED from src\main\AndroidManifest.xml:36:15-74
intent-filter#action:name:com.android.vending.INSTALL_REFERRER
ADDED from src\main\AndroidManifest.xml:37:7-39:23
action#com.android.vending.INSTALL_REFERRER
ADDED from src\main\AndroidManifest.xml:38:9-71
	android:name
		ADDED from src\main\AndroidManifest.xml:38:17-68
meta-data#android.max_aspect
ADDED from src\main\AndroidManifest.xml:41:5-73
	android:value
		ADDED from src\main\AndroidManifest.xml:41:50-70
	android:name
		ADDED from src\main\AndroidManifest.xml:41:16-49
uses-feature#0x00030001
ADDED from src\main\AndroidManifest.xml:44:3-76
	android:glEsVersion
		ADDED from src\main\AndroidManifest.xml:44:17-49
	android:required
		ADDED from src\main\AndroidManifest.xml:44:50-73
uses-permission#android.permission.INTERNET
ADDED from src\main\AndroidManifest.xml:45:3-65
MERGED from [com.google.android.gms:play-services-gcm:11.8.0] AndroidManifest.xml:24:5-67
MERGED from [com.google.android.gms:play-services-gcm:11.8.0] AndroidManifest.xml:24:5-67
MERGED from [com.google.android.gms:play-services-iid:11.8.0] AndroidManifest.xml:24:5-67
MERGED from [com.google.android.gms:play-services-iid:11.8.0] AndroidManifest.xml:24:5-67
	android:name
		ADDED from src\main\AndroidManifest.xml:45:20-62
uses-permission#android.permission.WRITE_EXTERNAL_STORAGE
ADDED from src\main\AndroidManifest.xml:46:3-79
	android:name
		ADDED from src\main\AndroidManifest.xml:46:20-76
uses-permission#android.permission.ACCESS_NETWORK_STATE
ADDED from src\main\AndroidManifest.xml:47:3-77
MERGED from [com.google.android.gms:play-services-nearby:11.8.0] AndroidManifest.xml:7:5-79
MERGED from [com.google.android.gms:play-services-nearby:11.8.0] AndroidManifest.xml:7:5-79
	android:name
		ADDED from src\main\AndroidManifest.xml:47:20-74
uses-permission#android.permission.WAKE_LOCK
ADDED from src\main\AndroidManifest.xml:48:3-66
	android:name
		ADDED from src\main\AndroidManifest.xml:48:20-63
uses-permission#com.android.vending.CHECK_LICENSE
ADDED from src\main\AndroidManifest.xml:49:3-71
	android:name
		ADDED from src\main\AndroidManifest.xml:49:20-68
uses-permission#android.permission.ACCESS_WIFI_STATE
ADDED from src\main\AndroidManifest.xml:50:3-74
	android:name
		ADDED from src\main\AndroidManifest.xml:50:20-71
uses-permission#android.permission.MODIFY_AUDIO_SETTINGS
ADDED from src\main\AndroidManifest.xml:51:3-78
	android:name
		ADDED from src\main\AndroidManifest.xml:51:20-75
uses-permission#android.permission.VIBRATE
ADDED from src\main\AndroidManifest.xml:52:3-64
	android:name
		ADDED from src\main\AndroidManifest.xml:52:20-61
uses-sdk
INJECTED from src\main\AndroidManifest.xml reason: use-sdk injection requested
INJECTED from src\main\AndroidManifest.xml
INJECTED from src\main\AndroidManifest.xml
MERGED from [com.google.android.gms:play-services-auth:11.8.0] AndroidManifest.xml:20:5-44
MERGED from [com.google.android.gms:play-services-auth:11.8.0] AndroidManifest.xml:20:5-44
MERGED from [com.google.android.gms:play-services-games:11.8.0] AndroidManifest.xml:20:5-44
MERGED from [com.google.android.gms:play-services-games:11.8.0] AndroidManifest.xml:20:5-44
MERGED from [com.google.android.gms:play-services-nearby:11.8.0] AndroidManifest.xml:5:5-44
MERGED from [com.google.android.gms:play-services-nearby:11.8.0] AndroidManifest.xml:5:5-44
MERGED from [com.google.android.gms:play-services-plus:11.8.0] AndroidManifest.xml:20:5-44
MERGED from [com.google.android.gms:play-services-plus:11.8.0] AndroidManifest.xml:20:5-44
MERGED from [:downloader_library] AndroidManifest.xml:7:5-9:41
MERGED from [:downloader_library] AndroidManifest.xml:7:5-9:41
MERGED from [:permission_library] AndroidManifest.xml:5:5-7:41
MERGED from [:permission_library] AndroidManifest.xml:5:5-7:41
MERGED from [com.android.support:support-v13:27.1.0] AndroidManifest.xml:20:5-44
MERGED from [com.android.support:support-v13:27.1.0] AndroidManifest.xml:20:5-44
MERGED from [com.google.android.gms:play-services-gcm:11.8.0] AndroidManifest.xml:20:5-44
MERGED from [com.google.android.gms:play-services-gcm:11.8.0] AndroidManifest.xml:20:5-44
MERGED from [android.arch.lifecycle:extensions:1.1.1] AndroidManifest.xml:20:5-44
MERGED from [android.arch.lifecycle:extensions:1.1.1] AndroidManifest.xml:20:5-44
MERGED from [com.google.android.gms:play-services-auth-api-phone:11.8.0] AndroidManifest.xml:5:5-44
MERGED from [com.google.android.gms:play-services-auth-api-phone:11.8.0] AndroidManifest.xml:5:5-44
MERGED from [com.google.android.gms:play-services-auth-base:11.8.0] AndroidManifest.xml:5:5-44
MERGED from [com.google.android.gms:play-services-auth-base:11.8.0] AndroidManifest.xml:5:5-44
MERGED from [com.google.android.gms:play-services-drive:11.8.0] AndroidManifest.xml:20:5-44
MERGED from [com.google.android.gms:play-services-drive:11.8.0] AndroidManifest.xml:20:5-44
MERGED from [com.google.android.gms:play-services-iid:11.8.0] AndroidManifest.xml:20:5-44
MERGED from [com.google.android.gms:play-services-iid:11.8.0] AndroidManifest.xml:20:5-44
MERGED from [com.google.android.gms:play-services-base:11.8.0] AndroidManifest.xml:20:5-44
MERGED from [com.google.android.gms:play-services-base:11.8.0] AndroidManifest.xml:20:5-44
MERGED from [com.google.android.gms:play-services-tasks:11.8.0] AndroidManifest.xml:5:5-44
MERGED from [com.google.android.gms:play-services-tasks:11.8.0] AndroidManifest.xml:5:5-44
MERGED from [com.google.android.gms:play-services-basement:11.8.0] AndroidManifest.xml:20:5-44
MERGED from [com.google.android.gms:play-services-basement:11.8.0] AndroidManifest.xml:20:5-44
MERGED from [com.google.android.gms:play-services-games-license:11.8.0] AndroidManifest.xml:4:5-43
MERGED from [com.google.android.gms:play-services-games-license:11.8.0] AndroidManifest.xml:4:5-43
MERGED from [com.google.android.gms:play-services-nearby-license:11.8.0] AndroidManifest.xml:4:5-43
MERGED from [com.google.android.gms:play-services-nearby-license:11.8.0] AndroidManifest.xml:4:5-43
MERGED from [com.google.android.gms:play-services-plus-license:11.8.0] AndroidManifest.xml:4:5-43
MERGED from [com.google.android.gms:play-services-plus-license:11.8.0] AndroidManifest.xml:4:5-43
MERGED from [com.google.android.gms:play-services-gcm-license:11.8.0] AndroidManifest.xml:4:5-43
MERGED from [com.google.android.gms:play-services-gcm-license:11.8.0] AndroidManifest.xml:4:5-43
MERGED from [com.android.support:support-v4:27.1.0] AndroidManifest.xml:20:5-44
MERGED from [com.android.support:support-v4:27.1.0] AndroidManifest.xml:20:5-44
MERGED from [com.android.support:support-media-compat:27.1.0] AndroidManifest.xml:20:5-44
MERGED from [com.android.support:support-media-compat:27.1.0] AndroidManifest.xml:20:5-44
MERGED from [com.android.support:support-fragment:27.1.0] AndroidManifest.xml:20:5-44
MERGED from [com.android.support:support-fragment:27.1.0] AndroidManifest.xml:20:5-44
MERGED from [com.android.support:support-core-ui:27.1.0] AndroidManifest.xml:20:5-44
MERGED from [com.android.support:support-core-ui:27.1.0] AndroidManifest.xml:20:5-44
MERGED from [com.android.support:support-core-utils:27.1.0] AndroidManifest.xml:20:5-44
MERGED from [com.android.support:support-core-utils:27.1.0] AndroidManifest.xml:20:5-44
MERGED from [com.android.support:support-compat:27.1.0] AndroidManifest.xml:20:5-44
MERGED from [com.android.support:support-compat:27.1.0] AndroidManifest.xml:20:5-44
MERGED from [android.arch.lifecycle:runtime:1.1.1] AndroidManifest.xml:20:5-44
MERGED from [android.arch.lifecycle:runtime:1.1.1] AndroidManifest.xml:20:5-44
MERGED from [android.arch.lifecycle:livedata:1.1.1] AndroidManifest.xml:20:5-44
MERGED from [android.arch.lifecycle:livedata:1.1.1] AndroidManifest.xml:20:5-44
MERGED from [android.arch.lifecycle:livedata-core:1.1.1] AndroidManifest.xml:20:5-44
MERGED from [android.arch.lifecycle:livedata-core:1.1.1] AndroidManifest.xml:20:5-44
MERGED from [android.arch.core:runtime:1.1.1] AndroidManifest.xml:20:5-44
MERGED from [android.arch.core:runtime:1.1.1] AndroidManifest.xml:20:5-44
MERGED from [android.arch.lifecycle:viewmodel:1.1.1] AndroidManifest.xml:20:5-44
MERGED from [android.arch.lifecycle:viewmodel:1.1.1] AndroidManifest.xml:20:5-44
MERGED from [com.google.android.gms:play-services-auth-api-phone-license:11.8.0] AndroidManifest.xml:4:5-43
MERGED from [com.google.android.gms:play-services-auth-api-phone-license:11.8.0] AndroidManifest.xml:4:5-43
MERGED from [com.google.android.gms:play-services-auth-base-license:11.8.0] AndroidManifest.xml:4:5-43
MERGED from [com.google.android.gms:play-services-auth-base-license:11.8.0] AndroidManifest.xml:4:5-43
MERGED from [com.google.android.gms:play-services-base-license:11.8.0] AndroidManifest.xml:4:5-43
MERGED from [com.google.android.gms:play-services-base-license:11.8.0] AndroidManifest.xml:4:5-43
MERGED from [com.google.android.gms:play-services-basement-license:11.8.0] AndroidManifest.xml:4:5-43
MERGED from [com.google.android.gms:play-services-basement-license:11.8.0] AndroidManifest.xml:4:5-43
MERGED from [com.google.android.gms:play-services-tasks-license:11.8.0] AndroidManifest.xml:4:5-43
MERGED from [com.google.android.gms:play-services-tasks-license:11.8.0] AndroidManifest.xml:4:5-43
MERGED from [com.google.android.gms:play-services-drive-license:11.8.0] AndroidManifest.xml:4:5-43
MERGED from [com.google.android.gms:play-services-drive-license:11.8.0] AndroidManifest.xml:4:5-43
MERGED from [com.google.android.gms:play-services-iid-license:11.8.0] AndroidManifest.xml:4:5-43
MERGED from [com.google.android.gms:play-services-iid-license:11.8.0] AndroidManifest.xml:4:5-43
INJECTED from src\main\AndroidManifest.xml
INJECTED from src\main\AndroidManifest.xml
	android:targetSdkVersion
		INJECTED from src\main\AndroidManifest.xml
		ADDED from src\main\AndroidManifest.xml
		INJECTED from src\main\AndroidManifest.xml
	android:minSdkVersion
		INJECTED from src\main\AndroidManifest.xml
		ADDED from src\main\AndroidManifest.xml
		INJECTED from src\main\AndroidManifest.xml
activity#com.google.android.gms.auth.api.signin.internal.SignInHubActivity
ADDED from [com.google.android.gms:play-services-auth:11.8.0] AndroidManifest.xml:23:9-27:75
	android:excludeFromRecents
		ADDED from [com.google.android.gms:play-services-auth:11.8.0] AndroidManifest.xml:25:13-46
	android:exported
		ADDED from [com.google.android.gms:play-services-auth:11.8.0] AndroidManifest.xml:26:13-37
	android:theme
		ADDED from [com.google.android.gms:play-services-auth:11.8.0] AndroidManifest.xml:27:13-72
	android:name
		ADDED from [com.google.android.gms:play-services-auth:11.8.0] AndroidManifest.xml:24:13-93
service#com.google.android.gms.auth.api.signin.RevocationBoundService
ADDED from [com.google.android.gms:play-services-auth:11.8.0] AndroidManifest.xml:33:9-36:110
	android:exported
		ADDED from [com.google.android.gms:play-services-auth:11.8.0] AndroidManifest.xml:35:13-36
	android:permission
		ADDED from [com.google.android.gms:play-services-auth:11.8.0] AndroidManifest.xml:36:13-107
	android:name
		ADDED from [com.google.android.gms:play-services-auth:11.8.0] AndroidManifest.xml:34:13-89
uses-permission#com.google.android.c2dm.permission.RECEIVE
ADDED from [com.google.android.gms:play-services-gcm:11.8.0] AndroidManifest.xml:23:5-82
MERGED from [com.google.android.gms:play-services-iid:11.8.0] AndroidManifest.xml:23:5-82
MERGED from [com.google.android.gms:play-services-iid:11.8.0] AndroidManifest.xml:23:5-82
	android:name
		ADDED from [com.google.android.gms:play-services-gcm:11.8.0] AndroidManifest.xml:23:22-79
provider#android.arch.lifecycle.ProcessLifecycleOwnerInitializer
ADDED from [android.arch.lifecycle:extensions:1.1.1] AndroidManifest.xml:23:9-27:43
	android:authorities
		ADDED from [android.arch.lifecycle:extensions:1.1.1] AndroidManifest.xml:25:13-68
	android:multiprocess
		ADDED from [android.arch.lifecycle:extensions:1.1.1] AndroidManifest.xml:27:13-40
	android:exported
		ADDED from [android.arch.lifecycle:extensions:1.1.1] AndroidManifest.xml:26:13-37
	android:name
		ADDED from [android.arch.lifecycle:extensions:1.1.1] AndroidManifest.xml:24:13-83
activity#com.google.android.gms.common.api.GoogleApiActivity
ADDED from [com.google.android.gms:play-services-base:11.8.0] AndroidManifest.xml:23:9-26:75
	android:exported
		ADDED from [com.google.android.gms:play-services-base:11.8.0] AndroidManifest.xml:25:13-37
	android:theme
		ADDED from [com.google.android.gms:play-services-base:11.8.0] AndroidManifest.xml:26:13-72
	android:name
		ADDED from [com.google.android.gms:play-services-base:11.8.0] AndroidManifest.xml:24:13-79